
=== Sat Dec 18 19:53:25 2021

Packages were changed.
Update Mode: resetToDefaultDependencies

The following packages were removed:
  com.unity.2d.sprite@1.0.0
  com.unity.2d.tilemap@1.0.0
  com.unity.ads@2.0.8
  com.unity.analytics@3.3.5
  com.unity.multiplayer-hlapi@1.0.4
  com.unity.purchasing@2.0.6
  com.unity.xr.legacyinputhelpers@1.3.8

=== Sat Dec 18 20:52:13 2021

Packages were changed.
Update Mode: resetToDefaultDependencies

The following packages were updated:
  com.unity.timeline from version 1.2.18 to 1.2.12
The following packages were removed:
  com.unity.ads@2.0.8
  com.unity.assetbundlebrowser@1.7.0

=== Thu Mar 24 02:55:22 2022

Packages were changed.
Update Mode: updateDependencies

The following packages were added:
  com.unity.ide.visualstudio@2.0.12
The following packages were updated:
  com.unity.collab-proxy from version 1.2.16 to 1.15.4
  com.unity.ide.rider from version 1.1.4 to 2.0.7
  com.unity.ide.vscode from version 1.1.4 to 1.2.4
  com.unity.test-framework from version 1.1.11 to 1.1.29
  com.unity.textmeshpro from version 2.0.1 to 3.0.6
  com.unity.timeline from version 1.2.12 to 1.4.8
